2014-06-06 12:18:53,414 - nxtBridge listening on localhost:6876
2014-06-06 12:19:18,924 - nxtBridge rcvd req: {'params': ['2865886802744497404', 1], 'method': 'getbalance', 'id': 1} 
2014-06-06 12:19:18,931 - nxtBridge returning: {"result": 50062.37947932, "jsonrpc": "2.0", "id": 1} 
2014-06-06 12:19:24,631 - nxtBridge rcvd req: {'params': [], 'method': 'getconnectioncount', 'id': 1} 
2014-06-06 12:19:24,648 - nxtBridge returning: {"result": 48, "jsonrpc": "2.0", "id": 1} 
2014-06-06 12:19:31,215 - nxtBridge rcvd req: {'params': [], 'method': 'getinfo', 'id': 1} 
2014-06-06 12:19:31,232 - nxtBridge returning: b'{"jsonrpc": "2.0", "result": {"walletversion": "1.1.4", "paytxfee": 0.0, "errors": "", "keypoololdest": 486539264, "difficulty": "2509834652766416", "proxy": "", "blocks": 118779, "timeoffset": 0, "protocolversion": "1.1.4", "connections": 48, "keypoolsize": 57764624, "version": "1.1.4", "balance": 0.0, "testnet": false}, "id": 1}' 
2014-06-06 12:19:38,204 - nxtBridge rcvd req: {'params': ['2865886802744497404'], 'method': 'getreceivedbyaccount', 'id': 1} 
2014-06-06 12:19:38,209 - nxtBridge returning: {"result": 50062.37947932, "jsonrpc": "2.0", "id": 1} 
2014-06-06 12:19:45,418 - nxtBridge rcvd req: {'params': ['2865886802744497404'], 'method': 'getreceivedbyaddress', 'id': 1} 
2014-06-06 12:19:45,424 - nxtBridge returning: {"result": 50062.37947932, "jsonrpc": "2.0", "id": 1} 
2014-06-06 12:19:50,779 - nxtBridge rcvd req: {'params': ['1448848043607985937'], 'method': 'gettransaction', 'id': 1} 
2014-06-06 12:19:50,801 - nxtBridge returning: b'{"jsonrpc": "2.0", "result": {"confirmations": 37727, "txid": "1448848043607985937", "timereceived": 13323520, "details": [{"address": "2865886802744497404", "category": "receive", "account": "16159101027034403504", "amount": 3.0}], "amount": 3.0, "time": 13323520}, "id": 1}' 
2014-06-06 12:20:17,459 - nxtBridge rcvd req: {'params': ['14oreosetc14oreosetc', '16159101027034403504', 1.98765432, 1, 'comm1', 'commTo'], 'method': 'sendfrom', 'id': 1} 
2014-06-06 12:20:20,596 - nxtBridge returning: b'{"jsonrpc": "2.0", "result": {"txid": "17431072893168067053"}, "id": 1}' 
2014-06-06 12:20:29,027 - nxtBridge rcvd req: {'params': ['13184500470311816723'], 'method': 'gettransaction', 'id': 1} 
2014-06-06 12:20:29,034 - nxtBridge returning: b'{"jsonrpc": "2.0", "result": {"confirmations": 817, "txid": "13184500470311816723", "timereceived": 16678507, "details": [{"address": "16159101027034403504", "category": "receive", "account": "2865886802744497404", "amount": 1.98765432}], "amount": 1.98765432, "time": 16678507}, "id": 1}' 
2014-06-06 12:21:11,013 - nxtBridge rcvd req: {'params': [], 'method': 'settxfee', 'id': 1} 
2014-06-06 12:21:11,014 - nxtBridge returning: b'{"jsonrpc": "2.0", "result": {"settxfee": "n/a"}, "id": 1}' 
2014-06-06 12:22:00,693 - nxtBridge rcvd req: {'params': ['14oreosetc14oreosetc'], 'method': 'validateaddress', 'id': 1} 
2014-06-06 12:22:00,715 - nxtBridge returning: b'{"jsonrpc": "2.0", "result": {"address": "2865886802744497404", "ismine": false, "isvalid": true}, "id": 1}' 
2014-06-06 12:31:47,318 - nxtBridge listening on localhost:6876
2014-06-06 12:32:16,271 - nxtBridge rcvd req: {'method': 'bridgeExit', 'id': 1, 'params': []} 
2014-06-15 19:34:24,381 - nxtBridge listening on localhost:6876
2014-06-15 19:35:12,238 - nxtBridge rcvd req: {'params': ['1448848043607985937'], 'method': 'gettransaction', 'id': 1} 
2014-06-15 19:35:20,627 - nxtBridge rcvd req: {'params': [], 'method': 'getinfo', 'id': 1} 
2014-06-15 19:36:33,603 - nxtBridge rcvd req: {'params': [], 'method': 'getinfo', 'id': 1} 
2014-06-15 19:42:55,212 - nxtBridge rcvd req: {'params': [], 'method': 'getinfo', 'id': 1} 
2014-06-15 19:42:55,468 - nxtBridge returning: b'{"id": 1, "jsonrpc": "2.0", "result": {"connections": 50, "errors": "", "keypoolsize": 214349536, "timeoffset": 0, "blocks": 127238, "balance": 0.0, "protocolversion": "1.1.4", "difficulty": "2525437837470876", "version": "1.1.4", "paytxfee": 0.0, "proxy": "", "walletversion": "1.1.4", "testnet": false, "keypoololdest": 663748608}}' 
2014-06-15 19:49:22,736 - nxtBridge rcvd req: {'params': [], 'method': 'getblock', 'id': 1} 
2014-06-15 20:13:45,492 - nxtBridge rcvd req: {'params': ['1448848043607985937'], 'method': 'gettransaction', 'id': 1} 
2014-06-15 20:13:45,504 - nxtBridge returning: b'{"id": 1, "jsonrpc": "2.0", "result": {"txid": "1448848043607985937", "details": [{"account": "16159101027034403504", "address": "2865886802744497404", "category": "receive", "amount": 3.0}], "confirmations": 46207, "amount": 3.0, "timereceived": 13323520, "time": 13323520}}' 
2014-06-15 20:15:24,901 - nxtBridge rcvd req: {'params': ['144884804360798593'], 'method': 'gettransaction', 'id': 1} 
2014-06-15 20:15:24,911 - nxtBridge returning: b'{"error": {"code": -32000, "data": {"args": ["transaction"], "type": "KeyError", "message": "\'transaction\'"}, "message": "Server error"}, "id": 1, "jsonrpc": "2.0"}' 
2014-06-15 20:15:27,549 - nxtBridge rcvd req: {'params': ['2865886802744497404'], 'method': 'getreceivedbyaccount', 'id': 1} 
2014-06-15 20:15:27,553 - nxtBridge returning: {"id": 1, "jsonrpc": "2.0", "result": 50062.37947932} 
2014-06-15 20:18:12,993 - nxtBridge rcvd req: {'params': [], 'method': 'getblockcount', 'id': 1} 
2014-06-15 20:18:30,638 - nxtBridge rcvd req: {'params': [], 'method': 'getblockcount', 'id': 1} 
2014-06-15 21:26:28,817 - nxtBridge listening on localhost:6876
2014-06-15 21:26:32,639 - nxtBridge rcvd req: {'method': 'getblockcount', 'params': [], 'id': 1} 
2014-06-15 21:28:08,895 - nxtBridge listening on localhost:6876
2014-06-15 21:28:15,800 - nxtBridge rcvd req: {'id': 1, 'params': [], 'method': 'getblockcount'} 
2014-06-15 21:29:03,543 - nxtBridge listening on localhost:6876
2014-06-15 21:29:08,105 - nxtBridge rcvd req: {'method': 'getblockcount', 'id': 1, 'params': []} 
2014-06-15 21:30:06,695 - nxtBridge listening on localhost:6876
2014-06-15 21:30:10,025 - nxtBridge rcvd req: {'id': 1, 'params': [], 'method': 'getblockcount'} 
2014-06-15 21:30:10,048 - nxtBridge returning: {"id": 1, "jsonrpc": "2.0", "result": 127321} 
2014-06-16 15:34:06,301 - nxtBridge listening on localhost:6876
2014-06-16 15:34:34,916 - nxtBridge rcvd req: {'id': 1, 'params': [], 'method': 'getblockcount'} 
2014-06-16 15:34:44,588 - nxtBridge rcvd req: {'id': 1, 'params': ['2865886802744497404'], 'method': 'getreceivedbyaccount'} 
2014-06-16 15:34:58,444 - nxtBridge rcvd req: {'id': 1, 'params': ['144884804360798593'], 'method': 'gettransaction'} 
2014-06-16 15:35:26,047 - nxtBridge rcvd req: {'id': 1, 'params': [], 'method': 'getinfo'} 
2014-06-16 15:37:00,555 - nxtBridge listening on localhost:7876
2014-06-16 15:37:16,988 - nxtBridge rcvd req: {'id': 1, 'method': 'getinfo', 'params': []} 
2014-06-16 15:37:17,087 - nxtBridge returning: b'{"result": {"blocks": 162697, "timeoffset": 0, "connections": 1141, "difficulty": "5503284971826647", "keypoolsize": 308406112, "proxy": "", "walletversion": "1.1.4", "balance": 0.0, "errors": "", "paytxfee": 0.0, "testnet": false, "version": "1.1.4", "protocolversion": "1.1.4", "keypoololdest": 869793792}, "id": 1, "jsonrpc": "2.0"}' 
2014-06-16 15:38:56,125 - nxtBridge listening on localhost:7876
2014-06-16 15:50:00,180 - nxtBridge rcvd req: {'id': 1, 'method': 'getinfo', 'params': []} 
2014-06-16 15:50:00,203 - nxtBridge returning: b'{"id": 1, "jsonrpc": "2.0", "result": {"paytxfee": 0.0, "protocolversion": "1.1.4", "timeoffset": 0, "difficulty": "5503284971826647", "blocks": 162697, "keypoolsize": 259164624, "proxy": "", "errors": "", "version": "1.1.4", "balance": 0.0, "keypoololdest": 873463808, "walletversion": "1.1.4", "connections": 1160, "testnet": false}}' 
2014-06-16 15:50:06,392 - nxtBridge rcvd req: {'id': 1, 'method': 'getinfo', 'params': []} 
2014-06-16 15:50:06,414 - nxtBridge returning: b'{"id": 1, "jsonrpc": "2.0", "result": {"paytxfee": 0.0, "protocolversion": "1.1.4", "timeoffset": 0, "difficulty": "5503284971826647", "blocks": 162697, "keypoolsize": 257155016, "proxy": "", "errors": "", "version": "1.1.4", "balance": 0.0, "keypoololdest": 873463808, "walletversion": "1.1.4", "connections": 1160, "testnet": false}}' 
2014-06-16 15:50:09,846 - nxtBridge rcvd req: {'id': 1, 'method': 'gettransaction', 'params': ['144884804360798593']} 
2014-06-16 15:50:09,905 - nxtBridge returning: b'{"id": 1, "error": {"data": {"type": "KeyError", "args": ["transaction"], "message": "\'transaction\'"}, "code": -32000, "message": "Server error"}, "jsonrpc": "2.0"}' 
2014-06-16 15:50:18,759 - nxtBridge rcvd req: {'id': 1, 'method': 'getreceivedbyaccount', 'params': ['2865886802744497404']} 
2014-06-16 15:50:37,439 - nxtBridge rcvd req: {'id': 1, 'method': 'getreceivedbyaccount', 'params': ['8208788471056955193']} 
2014-06-16 15:50:37,445 - nxtBridge returning: {"id": 1, "jsonrpc": "2.0", "result": 5.0} 
2014-06-16 15:50:42,471 - nxtBridge rcvd req: {'id': 1, 'method': 'getblockcount', 'params': []} 
2014-06-16 15:50:42,491 - nxtBridge returning: {"id": 1, "jsonrpc": "2.0", "result": 162697} 
2014-06-16 15:50:52,518 - nxtBridge rcvd req: {'id': 1, 'method': 'getblock', 'params': []} 
2014-06-16 15:57:28,942 - nxtBridge rcvd req: {'id': 1, 'method': 'getblockcount', 'params': []} 
2014-06-16 15:57:28,969 - nxtBridge returning: {"id": 1, "jsonrpc": "2.0", "result": 162698} 
2014-06-16 15:59:03,721 - nxtBridge rcvd req: {'id': 1, 'method': 'getblockcount', 'params': []} 
2014-06-16 15:59:03,743 - nxtBridge returning: {"id": 1, "jsonrpc": "2.0", "result": 162698} 
2014-06-16 16:20:35,072 - nxtBridge rcvd req: {'id': 1, 'method': 'getblockcount', 'params': []} 
2014-06-16 16:20:35,100 - nxtBridge returning: {"id": 1, "jsonrpc": "2.0", "result": 162710} 
2014-06-16 17:56:14,692 - nxtBridge rcvd req: {'id': 1, 'method': 'getblockcount', 'params': []} 
2014-06-16 17:56:14,716 - nxtBridge returning: {"id": 1, "jsonrpc": "2.0", "result": 162771} 
2014-06-16 17:59:13,073 - nxtBridge listening on localhost:7876
2014-06-16 17:59:32,010 - nxtBridge rcvd req: {'id': 1, 'method': 'getblockcount', 'params': []} 
2014-06-16 17:59:32,039 - nxtBridge returning: {"id": 1, "result": 162774, "jsonrpc": "2.0"} 
2014-06-16 18:04:26,597 - nxtBridge rcvd req: {'id': 1, 'method': 'getblockcount', 'params': []} 
2014-06-16 18:04:26,625 - nxtBridge returning: {"id": 1, "result": 162775, "jsonrpc": "2.0"} 
2014-06-16 18:05:58,996 - nxtBridge rcvd req: {'id': 1, 'method': 'getblockcount', 'params': []} 
2014-06-16 18:05:59,022 - nxtBridge returning: {"id": 1, "result": 162775, "jsonrpc": "2.0"} 
2014-06-16 18:17:19,832 - nxtBridge listening on localhost:7876
2014-06-16 18:17:31,134 - nxtBridge rcvd req: {'method': 'getbestblockhash', 'params': [], 'id': 1} 
2014-06-16 18:21:34,616 - nxtBridge listening on localhost:7876
2014-06-16 18:21:45,886 - nxtBridge rcvd req: {'params': [], 'method': 'getbestblockhash', 'id': 1} 
2014-06-16 18:23:16,970 - nxtBridge listening on localhost:7876
2014-06-16 18:23:28,650 - nxtBridge rcvd req: {'params': [], 'method': 'getbestblockhash', 'id': 1} 
2014-06-16 18:25:21,227 - nxtBridge listening on localhost:7876
2014-06-16 18:25:24,405 - nxtBridge rcvd req: {'params': [], 'method': 'getbestblockhash', 'id': 1} 
2014-06-16 18:25:24,429 - nxtBridge returning: {"id": 1, "result": "18145466695796997669", "jsonrpc": "2.0"} 
2014-06-16 18:28:53,729 - nxtBridge rcvd req: {'params': [], 'method': 'getbestblockhash', 'id': 1} 
2014-06-16 18:28:53,758 - nxtBridge returning: {"id": 1, "result": "16695876921556180272", "jsonrpc": "2.0"} 
2014-06-16 20:33:22,617 - nxtBridge listening on localhost:7876
2014-06-16 20:33:27,252 - nxtBridge rcvd req: {'method': 'getbestblockhash', 'id': 1, 'params': []} 
2014-06-16 20:33:27,796 - nxtBridge returning: {"result": "18152026076308298187", "id": 1, "jsonrpc": "2.0"} 
2014-06-16 21:39:40,677 - nxtBridge listening on localhost:7876
2014-06-16 21:40:11,384 - nxtBridge rcvd req: {'id': 1, 'params': [], 'method': 'getbestblockhash'} 
2014-06-16 21:40:11,434 - nxtBridge returning: {"result": "15984948765345917885", "id": 1, "jsonrpc": "2.0"} 
2014-06-16 21:40:27,631 - nxtBridge rcvd req: {'id': 1, 'params': ['15984948765345917885'], 'method': 'getblock'} 
2014-06-16 21:47:09,679 - nxtBridge listening on localhost:7876
2014-06-16 21:47:17,317 - nxtBridge rcvd req: {'params': ['15984948765345917885'], 'id': 1, 'method': 'getblock'} 
2014-06-16 21:51:03,409 - nxtBridge listening on localhost:7876
2014-06-16 21:51:08,122 - nxtBridge rcvd req: {'method': 'getblock', 'params': ['15984948765345917885'], 'id': 1} 
2014-06-16 22:09:50,350 - nxtBridge listening on localhost:7876
2014-06-16 22:09:53,281 - nxtBridge rcvd req: {'params': ['15984948765345917885'], 'id': 1, 'method': 'getblock'} 
2014-06-16 22:09:53,292 - nxtBridge returning: b'{"id": 1, "result": {"errorCode": 1, "errorDescription": "Incorrect request"}, "jsonrpc": "2.0"}' 
2014-06-16 22:14:07,292 - nxtBridge listening on localhost:7876
2014-06-16 22:16:28,584 - nxtBridge listening on localhost:7876
2014-06-16 22:16:32,975 - nxtBridge rcvd req: {'id': 1, 'method': 'getblock', 'params': ['15984948765345917885']} 
2014-06-16 22:16:33,109 - nxtBridge returning: b'{"id": 1, "jsonrpc": "2.0", "result": {"errorCode": 1, "errorDescription": "Incorrect request"}}' 
2014-06-16 22:19:21,164 - nxtBridge listening on localhost:7876
2014-06-16 22:19:27,853 - nxtBridge rcvd req: {'method': 'getblock', 'id': 1, 'params': ['15984948765345917885']} 
2014-06-16 22:19:27,979 - nxtBridge returning: b'{"result": {"generationSignature": "3bda0ed8910b1b033d5d9b4a9ecd019a6699c59148605331ac16035ab905a068", "totalAmountNQT": "3000000000", "payloadLength": 480, "blockSignature": "28367be2b10146085f938d855c35bf8d2935a57e1fcb97f634517802c651a70dd91f85009eb099b21865acd1d580c06221e5fd235dd04422d22f488c65b38352", "totalFeeNQT": "300000000", "previousBlock": "3529290645772305320", "payloadHash": "ad128723a81200a50d3d5736f2737091dd1d48d4c8efb430dace5f4eda253b9b", "generatorRS": "NXT-LMJD-BHGU-ZQGQ-E4972", "baseTarget": "621825866", "generator": "13840936370285661707", "nextBlock": "16621644196725697360", "transactions": ["2046255172920636314", "6083800436144052373", "7659435567116824677"], "timestamp": 17653153, "version": 3, "previousBlockHash": "a8035eb2248ffa303d29b29bc84fb1a5d5f7a1d25d27d5f2169607e22e0ac82e", "numberOfTransactions": 3, "height": 162886}, "id": 1, "jsonrpc": "2.0"}' 
2014-06-16 22:31:28,992 - nxtBridge rcvd req: {'method': 'getblock', 'id': 1, 'params': ['15984948765345917885']} 
2014-06-16 22:31:29,014 - nxtBridge returning: b'{"result": {"generationSignature": "3bda0ed8910b1b033d5d9b4a9ecd019a6699c59148605331ac16035ab905a068", "totalAmountNQT": "3000000000", "payloadLength": 480, "blockSignature": "28367be2b10146085f938d855c35bf8d2935a57e1fcb97f634517802c651a70dd91f85009eb099b21865acd1d580c06221e5fd235dd04422d22f488c65b38352", "totalFeeNQT": "300000000", "previousBlock": "3529290645772305320", "payloadHash": "ad128723a81200a50d3d5736f2737091dd1d48d4c8efb430dace5f4eda253b9b", "generatorRS": "NXT-LMJD-BHGU-ZQGQ-E4972", "baseTarget": "621825866", "generator": "13840936370285661707", "nextBlock": "16621644196725697360", "transactions": ["2046255172920636314", "6083800436144052373", "7659435567116824677"], "timestamp": 17653153, "version": 3, "previousBlockHash": "a8035eb2248ffa303d29b29bc84fb1a5d5f7a1d25d27d5f2169607e22e0ac82e", "numberOfTransactions": 3, "height": 162886}, "id": 1, "jsonrpc": "2.0"}' 
2014-06-16 22:49:31,378 - nxtBridge listening on localhost:7876
2014-06-16 22:49:35,895 - nxtBridge rcvd req: {'params': ['15984948765345917885'], 'id': 1, 'method': 'getblock'} 
2014-06-16 22:49:35,915 - nxtBridge returning: b'{"id": 1, "jsonrpc": "2.0", "result": {"totalAmountNQT": "3000000000", "height": 162886, "timestamp": 17653153, "generatorRS": "NXT-LMJD-BHGU-ZQGQ-E4972", "generationSignature": "3bda0ed8910b1b033d5d9b4a9ecd019a6699c59148605331ac16035ab905a068", "version": 3, "transactions": ["2046255172920636314", "6083800436144052373", "7659435567116824677"], "generator": "13840936370285661707", "previousBlockHash": "a8035eb2248ffa303d29b29bc84fb1a5d5f7a1d25d27d5f2169607e22e0ac82e", "baseTarget": "621825866", "totalFeeNQT": "300000000", "numberOfTransactions": 3, "nextBlock": "16621644196725697360", "blockSignature": "28367be2b10146085f938d855c35bf8d2935a57e1fcb97f634517802c651a70dd91f85009eb099b21865acd1d580c06221e5fd235dd04422d22f488c65b38352", "previousBlock": "3529290645772305320", "payloadHash": "ad128723a81200a50d3d5736f2737091dd1d48d4c8efb430dace5f4eda253b9b", "payloadLength": 480}}' 
